<?xml version="1.0" encoding="UTF-8" ?>
<testsuite errors="0" failures="0" hostname="GARCIA-F" name="AUSA.ausaCrearPartes" skipped="0" tests="1" time="97.788" timestamp="2017-03-09T16:16:01">
  <properties>
[...]
</properties>
  <testcase classname="AUSA.ausaCrearPartes" name="ausaIssuescreate" time="97.637" />
  <system-out><![CDATA[ERROR EN CREAR PARTE: Existen errores en la página. Los errores pueden estar en los componentes minimizados.
]]></system-out>
  <system-err><![CDATA[Starting ChromeDriver 2.27.440174 (e97a722caafc2d3a8b807ee115bfb307f7d2cfd9) on port 28487
Only local connections are allowed.
mar 09, 2017 5:16:05 PM org.openqa.selenium.remote.ProtocolHandshake createSession
INFORMACIÓN: Detected dialect: OSS
[29.214][WARNING]: screenshot failed, retrying
]]></system-err>
</testsuite>
