<?xml version="1.0" encoding="UTF-8" ?>
<testsuite errors="0" failures="0" hostname="GARCIA-F" name="AUSA.ausaVerPartes" skipped="0" tests="1" time="72.59" timestamp="2017-03-09T17:23:07">
  <properties>
[...]
</properties>
  <testcase classname="AUSA.ausaVerPartes" name="ausaITSpage" time="72.436" />
  <system-out><![CDATA[]]></system-out>
  <system-err><![CDATA[Starting ChromeDriver 2.27.440174 (e97a722caafc2d3a8b807ee115bfb307f7d2cfd9) on port 5655
Only local connections are allowed.
mar 09, 2017 6:23:14 PM org.openqa.selenium.remote.ProtocolHandshake createSession
INFORMACIÓN: Detected dialect: OSS
]]></system-err>
</testsuite>
